<?xml version="1.0" encoding="UTF-8"?>
<testng-results skipped="0" failed="0" ignored="0" total="1" passed="1">
  <reporter-output>
  </reporter-output>
  <suite name="Default suite" duration-ms="1646" started-at="2020-01-29T20:16:13Z" finished-at="2020-01-29T20:16:14Z">
    <groups>
    </groups>
    <test name="Default test" duration-ms="1646" started-at="2020-01-29T20:16:13Z" finished-at="2020-01-29T20:16:14Z">
      <class name="TC001_Get_Request">
        <test-method status="PASS" signature="getwaetherDetails()[pri:0, instance:TC001_Get_Request@29ee9faa]" name="getwaetherDetails" duration-ms="1628" started-at="2020-01-29T20:16:13Z" finished-at="2020-01-29T20:16:14Z">
          <reporter-output>
          </reporter-output>
        </test-method> <!-- getwaetherDetails -->
      </class> <!-- TC001_Get_Request -->
    </test> <!-- Default test -->
  </suite> <!-- Default suite -->
</testng-results>
